<?xml version="1.0" encoding="UTF-8"?>
<!-- Generated by org.testng.reporters.JUnitXMLReporter -->
<testsuite ignored="0" hostname="TYSS-Kishore-Gopi" failures="0" tests="3" name="Surefire test" time="50.655" errors="0" timestamp="2024-10-13T14:07:43 IST">
  <testcase classname="samplePkg.StandAloneTest" name="firstTest" time="25.467"/>
  <testcase classname="testcases.CreatePortfolioTest" name="createPortFolioTest" time="10.034"/>
  <testcase classname="testcases.GettingProductTest" name="firstTest" time="15.13"/>
</testsuite> <!-- Surefire test -->
