<?xml version="1.0" encoding="UTF-8"?>
<!-- Generated by org.testng.reporters.JUnitXMLReporter -->
<testsuite ignored="1" hostname="LAPTOP-Q1PL3S50" failures="0" tests="1" name="Surefire test" time="0.038" errors="0" timestamp="2024-03-27T15:43:02 IST">
  <testcase classname="qaclickacademy.SeleniumTest" name="BrowserAutomation" time="0.009"/>
  <testcase classname="qaclickacademy.SeleniumTest" name="elementsui" time="0.0">
    <ignored/>
  </testcase> <!-- elementsui -->
</testsuite> <!-- Surefire test -->
