<?xml version="1.0" encoding="UTF-8"?>
<!-- Generated by org.testng.reporters.JUnitXMLReporter -->
<testsuite ignored="0" hostname="TYSS-Kishore-Gopi" failures="0" tests="3" name="Test" time="35.197" errors="0" timestamp="2024-09-13T20:32:48 IST">
  <testcase classname="testcases.PlaceOrder" name="firstTest" time="21.663"/>
  <testcase classname="testcases.GettingProductTest" name="firstTest" time="8.575"/>
  <testcase classname="testcases.CreatePortfolioTest" name="createPortFolioTest" time="4.926"/>
</testsuite> <!-- Test -->
