<?xml version="1.0" encoding="UTF-8"?>
<!-- Generated by org.testng.reporters.JUnitXMLReporter -->
<testsuite ignored="0" hostname="LAPTOP-Q1PL3S50" failures="0" tests="6" name="Command line test" time="0.032" errors="0" timestamp="2024-03-28T11:31:11 IST">
  <testcase classname="qaclickacademy.AppiumTest" name="IOSApps" time="0.004"/>
  <testcase classname="qaclickacademy.AppiumTest" name="NativeAppAndroid" time="0.0"/>
  <testcase classname="qaclickacademy.RESTAPITest" name="deleteTwitter" time="0.0"/>
  <testcase classname="qaclickacademy.RESTAPITest" name="postJira" time="0.001"/>
  <testcase classname="qaclickacademy.SeleniumTest" name="BrowserAutomation" time="0.0"/>
  <testcase classname="qaclickacademy.SeleniumTest" name="elementsui" time="0.0"/>
</testsuite> <!-- Command line test -->
