<?xml version="1.0" encoding="UTF-8"?>
<testng-results ignored="0" total="1" passed="1" failed="0" skipped="0">
  <reporter-output>
  </reporter-output>
  <suite started-at="2024-03-28T11:34:23 IST" name="Suite" finished-at="2024-03-28T11:34:23 IST" duration-ms="33">
    <groups>
    </groups>
    <test started-at="2024-03-28T11:34:23 IST" name="Test" finished-at="2024-03-28T11:34:23 IST" duration-ms="33">
      <class name="qaclickacademy.NewSel">
        <test-method signature="NewOne()[pri:0, instance:qaclickacademy.NewSel@3d680b5a]" started-at="2024-03-28T11:34:23 IST" name="NewOne" finished-at="2024-03-28T11:34:23 IST" duration-ms="3" status="PASS">
          <reporter-output>
          </reporter-output>
        </test-method> <!-- NewOne -->
      </class> <!-- qaclickacademy.NewSel -->
    </test> <!-- Test -->
  </suite> <!-- Suite -->
</testng-results>
