<?xml version="1.0" encoding="UTF-8"?>
<testng-results ignored="0" total="1" passed="1" failed="0" skipped="0">
  <reporter-output>
  </reporter-output>
  <suite started-at="2024-10-13T14:06:27 IST" name="Default suite" finished-at="2024-10-13T14:06:38 IST" duration-ms="11664">
    <groups>
    </groups>
    <test started-at="2024-10-13T14:06:27 IST" name="Default test" finished-at="2024-10-13T14:06:38 IST" duration-ms="11664">
      <class name="testcases.CreatePortfolioTest">
        <test-method signature="createPortFolioTest()[pri:0, instance:testcases.CreatePortfolioTest@54d9d12d]" started-at="2024-10-13T14:06:27 IST" name="createPortFolioTest" finished-at="2024-10-13T14:06:38 IST" duration-ms="11629" status="PASS">
          <reporter-output>
          </reporter-output>
        </test-method> <!-- createPortFolioTest -->
      </class> <!-- testcases.CreatePortfolioTest -->
    </test> <!-- Default test -->
  </suite> <!-- Default suite -->
</testng-results>
