<?xml version="1.0" encoding="UTF-8"?>
<!-- Generated by org.testng.reporters.JUnitReportReporter -->
<testsuite hostname="LAPTOP-Q1PL3S50" failures="0" tests="2" name="qaclickacademy.AppiumTest" time="0.003" errors="0" timestamp="2024-03-28T11:34:16 IST" skipped="0">
  <testcase classname="qaclickacademy.AppiumTest" name="NativeAppAndroid" time="0.000"/>
  <system-out/>
  <testcase classname="qaclickacademy.AppiumTest" name="IOSApps" time="0.003"/>
  <system-out/>
</testsuite> <!-- qaclickacademy.AppiumTest -->
